Aug 01 17:41 : update: added KMFDM/!Misc/KMFDM - Fuck Me.mp3
Aug 01 17:41 : update: added KMFDM/!Misc/kmfdm - juke-joint jezebel (giorgio moroder metropolis mix).mp3
Aug 01 17:41 : update: added KMFDM/!Misc/KMFDM - D.I.Y. (Studio Cut).mp3
Aug 01 17:41 : update: added KMFDM/!Misc/kmfdm - that's all.mp3
Aug 01 17:41 : update: added KMFDM/!Misc/KMFDM - Leid Und Elend.mp3
Aug 01 17:41 : update: added KMFDM/!Misc/kmfdm - anarchy (god and the state mix).mp3
Aug 01 17:41 : update: added KMFDM/!Misc/KMFDM - Naive.wma
Aug 01 17:41 : update: added KMFDM/!Misc/KMFDM - Material Girl (Madonna Cover).mp3
Aug 01 17:41 : update: added KMFDM/!Misc/kmfdm - sex on the flag.mp3
Aug 01 17:41 : update: added KMFDM/!Misc/KMFDM - Godlike (Ultimate Loud mix).mp3
Aug 01 17:41 : update: added KMFDM/!Misc/KMFDM - Anarchy.mp3
Aug 01 17:41 : update: added KMFDM/!Misc/09 Control_.m4a
Aug 01 17:41 : update: added KMFDM/!Misc/KMFDM-Stray Bullet.mp3
Aug 01 17:41 : update: added KMFDM/!Misc/KMFDM - Itchy Bitchy.mp3
Aug 01 17:41 : update: added KMFDM/!Misc/KMFDM Son of a Gun (Overhauled by Sascha Konietzko and Chris Shepard).mp3
Aug 01 17:41 : update: added KMFDM/!Misc/KMFDM - Loving Can Be an Art (saturation mix).mp3
Aug 01 17:41 : update: added KMFDM/!Misc/KMFDM - She Moves In Mysterious Ways.mp3
Aug 01 17:41 : update: added KMFDM/!Misc/KMFDM - Vogue.mp3
Aug 01 17:41 : update: added KMFDM/!Misc/KMFDM - Revolution II.mp3
Aug 01 17:41 : update: added KMFDM/!Misc/kmfdm - agogo.mp3
Aug 01 17:41 : update: added KMFDM/!Misc/KMFDM - Megalomaniac (Long Vers).mp3
Aug 01 17:41 : update: added KMFDM/!Misc/KMFDM - Live '91 (AWESOME QUALITY!!) -  Naive.mp3
Aug 01 17:41 : update: added KMFDM/!Misc/kmfdm - anarchy (fusako mix).mp3
Aug 01 17:41 : can't find alsa mixer control "PCM"
Aug 01 17:41 : update: added KMFDM/!Misc/kmfdm - ultra.mp3
Aug 01 17:41 : update: added KMFDM/!Misc/kmfdm-06-money.mp3
Aug 01 17:41 : update: added KMFDM/!Misc/KMFDM - Adios (Studio Cut).mp3
Aug 01 17:41 : update: added KMFDM/!Misc/kmfdm - the virus.mp3
Aug 01 17:41 : update: added KMFDM/!Misc/KMFDM - Muppets Theme (Techno Mix).mp3
Aug 01 17:41 : update: added KMFDM/!Misc/KMFDM-Friede.mp3
Aug 01 17:41 : update: added KMFDM/!Misc/KMFDM - Days of Swine and Roses.wma
Aug 01 17:41 : update: added KMFDM/Adios/01 - Adios.mp3
Aug 01 17:41 : update: added Shpongle/03 Shpongle - A New Way To Say Hooray.mp3
Aug 01 17:41 : update: added Shpongle/06 Shpongle - Shpongleyes.mp3
Aug 01 17:41 : update: added Shpongle/01 Shpongle - Dorset Perception.mp3
Aug 01 17:41 : update: added Shpongle/07 Shpongle - Once Upon The Sea Of Blissful Awareness.mp3
Aug 01 17:41 : update: added Shpongle/04 Shpongle - Room 23.mp3
Aug 01 17:41 : update: added Shpongle/09 Shpongle - Flute Fruit.mp3
Aug 01 17:41 : update: added Shpongle/05 Shpongle - My Head Feels Like A Frisbee.mp3
Aug 01 17:41 : update: added Shpongle/02 Shpongle - Star Shpongled Banner.mp3
Aug 01 17:41 : update: added Shpongle/08 Shpongle - Around The World In A Tea Daze.mp3
Aug 01 17:42 : can't find alsa mixer control "PCM"
Aug 01 17:44 : update: added KMFDM/!Misc/KMFDM - Fuck Me.mp3
Aug 01 17:44 : update: added KMFDM/!Misc/kmfdm - juke-joint jezebel (giorgio moroder metropolis mix).mp3
Aug 01 17:44 : update: added KMFDM/!Misc/KMFDM - D.I.Y. (Studio Cut).mp3
Aug 01 17:44 : update: added KMFDM/!Misc/kmfdm - that's all.mp3
Aug 01 17:44 : update: added KMFDM/!Misc/KMFDM - Leid Und Elend.mp3
Aug 01 17:44 : update: added KMFDM/!Misc/kmfdm - anarchy (god and the state mix).mp3
Aug 01 17:44 : update: added KMFDM/!Misc/KMFDM - Naive.wma
Aug 01 17:44 : update: added KMFDM/!Misc/KMFDM - Material Girl (Madonna Cover).mp3
Aug 01 17:44 : update: added KMFDM/!Misc/kmfdm - sex on the flag.mp3
Aug 01 17:44 : update: added KMFDM/!Misc/KMFDM - Godlike (Ultimate Loud mix).mp3
Aug 01 17:44 : update: added KMFDM/!Misc/KMFDM - Anarchy.mp3
Aug 01 17:44 : update: added KMFDM/!Misc/09 Control_.m4a
Aug 01 17:44 : update: added KMFDM/!Misc/KMFDM-Stray Bullet.mp3
Aug 01 17:44 : update: added KMFDM/!Misc/KMFDM - Itchy Bitchy.mp3
Aug 01 17:44 : update: added KMFDM/!Misc/KMFDM Son of a Gun (Overhauled by Sascha Konietzko and Chris Shepard).mp3
Aug 01 17:44 : update: added KMFDM/!Misc/KMFDM - Loving Can Be an Art (saturation mix).mp3
Aug 01 17:44 : update: added KMFDM/!Misc/KMFDM - She Moves In Mysterious Ways.mp3
Aug 01 17:44 : update: added KMFDM/!Misc/KMFDM - Vogue.mp3
Aug 01 17:44 : update: added KMFDM/!Misc/KMFDM - Revolution II.mp3
Aug 01 17:44 : update: added KMFDM/!Misc/kmfdm - agogo.mp3
Aug 01 17:44 : update: added KMFDM/!Misc/KMFDM - Megalomaniac (Long Vers).mp3
Aug 01 17:44 : update: added KMFDM/!Misc/KMFDM - Live '91 (AWESOME QUALITY!!) -  Naive.mp3
Aug 01 17:44 : update: added KMFDM/!Misc/kmfdm - anarchy (fusako mix).mp3
Aug 01 17:44 : can't find alsa mixer control "PCM"
Aug 01 17:44 : update: added KMFDM/!Misc/kmfdm - ultra.mp3
Aug 01 17:44 : update: added KMFDM/!Misc/kmfdm-06-money.mp3
Aug 01 17:44 : update: added KMFDM/!Misc/KMFDM - Adios (Studio Cut).mp3
Aug 01 17:44 : update: added KMFDM/!Misc/kmfdm - the virus.mp3
Aug 01 17:44 : update: added KMFDM/!Misc/KMFDM - Muppets Theme (Techno Mix).mp3
Aug 01 17:44 : update: added KMFDM/!Misc/KMFDM-Friede.mp3
Aug 01 17:44 : update: added KMFDM/!Misc/KMFDM - Days of Swine and Roses.wma
Aug 01 17:44 : update: added KMFDM/Adios/01 - Adios.mp3
Aug 01 17:44 : update: added Shpongle/03 Shpongle - A New Way To Say Hooray.mp3
Aug 01 17:44 : update: added Shpongle/06 Shpongle - Shpongleyes.mp3
Aug 01 17:44 : update: added Shpongle/01 Shpongle - Dorset Perception.mp3
Aug 01 17:44 : update: added Shpongle/07 Shpongle - Once Upon The Sea Of Blissful Awareness.mp3
Aug 01 17:44 : update: added Shpongle/04 Shpongle - Room 23.mp3
Aug 01 17:44 : update: added Shpongle/09 Shpongle - Flute Fruit.mp3
Aug 01 17:44 : update: added Shpongle/05 Shpongle - My Head Feels Like A Frisbee.mp3
Aug 01 17:44 : update: added Shpongle/02 Shpongle - Star Shpongled Banner.mp3
Aug 01 17:44 : update: added Shpongle/08 Shpongle - Around The World In A Tea Daze.mp3
No protocol specified
XOpenDisplay() failed
Aug 01 17:52 : can't find alsa mixer control "PCM"
Aug 01 18:08 : update: added KMFDM/!Misc/KMFDM - Fuck Me.mp3
Aug 01 18:08 : update: added KMFDM/!Misc/kmfdm - juke-joint jezebel (giorgio moroder metropolis mix).mp3
Aug 01 18:08 : update: added KMFDM/!Misc/KMFDM - D.I.Y. (Studio Cut).mp3
Aug 01 18:08 : update: added KMFDM/!Misc/kmfdm - that's all.mp3
Aug 01 18:08 : update: added KMFDM/!Misc/KMFDM - Leid Und Elend.mp3
Aug 01 18:08 : update: added KMFDM/!Misc/kmfdm - anarchy (god and the state mix).mp3
Aug 01 18:08 : update: added KMFDM/!Misc/KMFDM - Naive.wma
Aug 01 18:08 : update: added KMFDM/!Misc/KMFDM - Material Girl (Madonna Cover).mp3
Aug 01 18:08 : update: added KMFDM/!Misc/kmfdm - sex on the flag.mp3
Aug 01 18:08 : update: added KMFDM/!Misc/KMFDM - Godlike (Ultimate Loud mix).mp3
Aug 01 18:08 : update: added KMFDM/!Misc/KMFDM - Anarchy.mp3
Aug 01 18:08 : update: added KMFDM/!Misc/09 Control_.m4a
Aug 01 18:08 : update: added KMFDM/!Misc/KMFDM-Stray Bullet.mp3
Aug 01 18:08 : update: added KMFDM/!Misc/KMFDM - Itchy Bitchy.mp3
Aug 01 18:08 : update: added KMFDM/!Misc/KMFDM Son of a Gun (Overhauled by Sascha Konietzko and Chris Shepard).mp3
Aug 01 18:08 : update: added KMFDM/!Misc/KMFDM - Loving Can Be an Art (saturation mix).mp3
Aug 01 18:08 : update: added KMFDM/!Misc/KMFDM - She Moves In Mysterious Ways.mp3
Aug 01 18:08 : update: added KMFDM/!Misc/KMFDM - Vogue.mp3
Aug 01 18:08 : update: added KMFDM/!Misc/KMFDM - Revolution II.mp3
Aug 01 18:08 : update: added KMFDM/!Misc/kmfdm - agogo.mp3
Aug 01 18:08 : update: added KMFDM/!Misc/KMFDM - Megalomaniac (Long Vers).mp3
Aug 01 18:08 : update: added KMFDM/!Misc/KMFDM - Live '91 (AWESOME QUALITY!!) -  Naive.mp3
Aug 01 18:08 : update: added KMFDM/!Misc/kmfdm - anarchy (fusako mix).mp3
Aug 01 18:08 : update: added KMFDM/!Misc/kmfdm - ultra.mp3
Aug 01 18:08 : update: added KMFDM/!Misc/kmfdm-06-money.mp3
Aug 01 18:08 : update: added KMFDM/!Misc/KMFDM - Adios (Studio Cut).mp3
Aug 01 18:08 : update: added KMFDM/!Misc/kmfdm - the virus.mp3
Aug 01 18:08 : update: added KMFDM/!Misc/KMFDM - Muppets Theme (Techno Mix).mp3
Aug 01 18:08 : update: added KMFDM/!Misc/KMFDM-Friede.mp3
Aug 01 18:08 : update: added KMFDM/!Misc/KMFDM - Days of Swine and Roses.wma
Aug 01 18:08 : update: added KMFDM/Adios/01 - Adios.mp3
Aug 01 18:08 : update: added Shpongle/03 Shpongle - A New Way To Say Hooray.mp3
Aug 01 18:08 : update: added Shpongle/06 Shpongle - Shpongleyes.mp3
Aug 01 18:08 : update: added Shpongle/01 Shpongle - Dorset Perception.mp3
Aug 01 18:08 : update: added Shpongle/07 Shpongle - Once Upon The Sea Of Blissful Awareness.mp3
Aug 01 18:08 : update: added Shpongle/04 Shpongle - Room 23.mp3
Aug 01 18:08 : update: added Shpongle/09 Shpongle - Flute Fruit.mp3
Aug 01 18:08 : update: added Shpongle/05 Shpongle - My Head Feels Like A Frisbee.mp3
Aug 01 18:08 : update: added Shpongle/02 Shpongle - Star Shpongled Banner.mp3
Aug 01 18:08 : update: added Shpongle/08 Shpongle - Around The World In A Tea Daze.mp3
Aug 01 18:08 : can't find alsa mixer control "PCM"
Aug 01 18:09 : can't find alsa mixer control "PCM"
Aug 01 18:11 : update: added KMFDM/!Misc/KMFDM - Fuck Me.mp3
Aug 01 18:11 : update: added KMFDM/!Misc/kmfdm - juke-joint jezebel (giorgio moroder metropolis mix).mp3
Aug 01 18:11 : update: added KMFDM/!Misc/KMFDM - D.I.Y. (Studio Cut).mp3
Aug 01 18:11 : update: added KMFDM/!Misc/kmfdm - that's all.mp3
Aug 01 18:11 : update: added KMFDM/!Misc/KMFDM - Leid Und Elend.mp3
Aug 01 18:11 : update: added KMFDM/!Misc/kmfdm - anarchy (god and the state mix).mp3
Aug 01 18:11 : update: added KMFDM/!Misc/KMFDM - Naive.wma
Aug 01 18:11 : update: added KMFDM/!Misc/KMFDM - Material Girl (Madonna Cover).mp3
Aug 01 18:11 : update: added KMFDM/!Misc/kmfdm - sex on the flag.mp3
Aug 01 18:11 : update: added KMFDM/!Misc/KMFDM - Godlike (Ultimate Loud mix).mp3
Aug 01 18:11 : update: added KMFDM/!Misc/KMFDM - Anarchy.mp3
Aug 01 18:11 : update: added KMFDM/!Misc/09 Control_.m4a
Aug 01 18:11 : update: added KMFDM/!Misc/KMFDM-Stray Bullet.mp3
Aug 01 18:11 : update: added KMFDM/!Misc/KMFDM - Itchy Bitchy.mp3
Aug 01 18:11 : update: added KMFDM/!Misc/KMFDM Son of a Gun (Overhauled by Sascha Konietzko and Chris Shepard).mp3
Aug 01 18:11 : update: added KMFDM/!Misc/KMFDM - Loving Can Be an Art (saturation mix).mp3
Aug 01 18:11 : update: added KMFDM/!Misc/KMFDM - She Moves In Mysterious Ways.mp3
Aug 01 18:11 : update: added KMFDM/!Misc/KMFDM - Vogue.mp3
Aug 01 18:11 : update: added KMFDM/!Misc/KMFDM - Revolution II.mp3
Aug 01 18:11 : update: added KMFDM/!Misc/kmfdm - agogo.mp3
Aug 01 18:11 : update: added KMFDM/!Misc/KMFDM - Megalomaniac (Long Vers).mp3
Aug 01 18:11 : update: added KMFDM/!Misc/KMFDM - Live '91 (AWESOME QUALITY!!) -  Naive.mp3
Aug 01 18:11 : update: added KMFDM/!Misc/kmfdm - anarchy (fusako mix).mp3
Aug 01 18:11 : update: added KMFDM/!Misc/kmfdm - ultra.mp3
Aug 01 18:11 : update: added KMFDM/!Misc/kmfdm-06-money.mp3
Aug 01 18:11 : update: added KMFDM/!Misc/KMFDM - Adios (Studio Cut).mp3
Aug 01 18:11 : update: added KMFDM/!Misc/kmfdm - the virus.mp3
Aug 01 18:11 : update: added KMFDM/!Misc/KMFDM - Muppets Theme (Techno Mix).mp3
Aug 01 18:11 : update: added KMFDM/!Misc/KMFDM-Friede.mp3
Aug 01 18:11 : update: added KMFDM/!Misc/KMFDM - Days of Swine and Roses.wma
Aug 01 18:11 : update: added KMFDM/Adios/01 - Adios.mp3
Aug 01 18:11 : update: added Shpongle/03 Shpongle - A New Way To Say Hooray.mp3
Aug 01 18:11 : update: added Shpongle/06 Shpongle - Shpongleyes.mp3
Aug 01 18:11 : update: added Shpongle/01 Shpongle - Dorset Perception.mp3
Aug 01 18:11 : update: added Shpongle/07 Shpongle - Once Upon The Sea Of Blissful Awareness.mp3
Aug 01 18:11 : update: added Shpongle/04 Shpongle - Room 23.mp3
Aug 01 18:11 : update: added Shpongle/09 Shpongle - Flute Fruit.mp3
Aug 01 18:11 : update: added Shpongle/05 Shpongle - My Head Feels Like A Frisbee.mp3
Aug 01 18:11 : update: added Shpongle/02 Shpongle - Star Shpongled Banner.mp3
Aug 01 18:11 : update: added Shpongle/08 Shpongle - Around The World In A Tea Daze.mp3
Aug 01 18:11 : can't find alsa mixer control "PCM"
